Traceback (most recent call last):
  File "C:\Users\laram\AppData\Local\Continuum\anaconda3\envs\ca4015\lib\site-packages\jupyter_cache\executors\utils.py", line 51, in single_nb_execution
    executenb(
  File "C:\Users\laram\AppData\Local\Continuum\anaconda3\envs\ca4015\lib\site-packages\nbclient\client.py", line 1112, in execute
    return NotebookClient(nb=nb, resources=resources, km=km, **kwargs).execute()
  File "C:\Users\laram\AppData\Local\Continuum\anaconda3\envs\ca4015\lib\site-packages\nbclient\util.py", line 74, in wrapped
    return just_run(coro(*args, **kwargs))
  File "C:\Users\laram\AppData\Local\Continuum\anaconda3\envs\ca4015\lib\site-packages\nbclient\util.py", line 53, in just_run
    return loop.run_until_complete(coro)
  File "C:\Users\laram\AppData\Local\Continuum\anaconda3\envs\ca4015\lib\asyncio\base_events.py", line 642, in run_until_complete
    return future.result()
  File "C:\Users\laram\AppData\Local\Continuum\anaconda3\envs\ca4015\lib\site-packages\nbclient\client.py", line 553, in async_execute
    await self.async_execute_cell(
  File "C:\Users\laram\AppData\Local\Continuum\anaconda3\envs\ca4015\lib\site-packages\nbclient\client.py", line 857, in async_execute_cell
    self._check_raise_for_error(cell, exec_reply)
  File "C:\Users\laram\AppData\Local\Continuum\anaconda3\envs\ca4015\lib\site-packages\nbclient\client.py", line 760, in _check_raise_for_error
    raise CellExecutionError.from_cell_and_msg(cell, exec_reply_content)
nbclient.exceptions.CellExecutionError: An error occurred while executing the following cell:
------------------
import os
import matplotlib.pyplot as plt
import seaborn as sns
from __future__ import print_function
import numpy as np
import pandas as pd
import collections
from mpl_toolkits.mplot3d import Axes3D
from IPython import display
from matplotlib import pyplot as plt
import sklearn
import sklearn.manifold
import tensorflow.compat.v1 as tf
tf.disable_v2_behavior()
tf.logging.set_verbosity(tf.logging.ERROR)

# Add some convenience functions to Pandas DataFrame.
pd.options.display.max_rows = 10
pd.options.display.float_format = '{:.3f}'.format
def mask(df, key, function):
  """Returns a filtered dataframe, by applying function to key"""
  return df[function(df[key])]

def flatten_cols(df):
  df.columns = [' '.join(col).strip() for col in df.columns.values]
  return df

pd.DataFrame.mask = mask
pd.DataFrame.flatten_cols = flatten_cols
------------------

[1;31m---------------------------------------------------------------------------[0m
[1;31mMemoryError[0m                               Traceback (most recent call last)
[1;32m~\AppData\Local\Temp/ipykernel_42252/2519135230.py[0m in [0;36m<module>[1;34m[0m
[0;32m     11[0m [1;32mimport[0m [0msklearn[0m[1;33m[0m[1;33m[0m[0m
[0;32m     12[0m [1;32mimport[0m [0msklearn[0m[1;33m.[0m[0mmanifold[0m[1;33m[0m[1;33m[0m[0m
[1;32m---> 13[1;33m [1;32mimport[0m [0mtensorflow[0m[1;33m.[0m[0mcompat[0m[1;33m.[0m[0mv1[0m [1;32mas[0m [0mtf[0m[1;33m[0m[1;33m[0m[0m
[0m[0;32m     14[0m [0mtf[0m[1;33m.[0m[0mdisable_v2_behavior[0m[1;33m([0m[1;33m)[0m[1;33m[0m[1;33m[0m[0m
[0;32m     15[0m [0mtf[0m[1;33m.[0m[0mlogging[0m[1;33m.[0m[0mset_verbosity[0m[1;33m([0m[0mtf[0m[1;33m.[0m[0mlogging[0m[1;33m.[0m[0mERROR[0m[1;33m)[0m[1;33m[0m[1;33m[0m[0m

[1;32m~\AppData\Local\Continuum\anaconda3\envs\ca4015\lib\site-packages\tensorflow\__init__.py[0m in [0;36m<module>[1;34m[0m
[0;32m     53[0m [1;32mfrom[0m [1;33m.[0m[0m_api[0m[1;33m.[0m[0mv2[0m [1;32mimport[0m [0mautograph[0m[1;33m[0m[1;33m[0m[0m
[0;32m     54[0m [1;32mfrom[0m [1;33m.[0m[0m_api[0m[1;33m.[0m[0mv2[0m [1;32mimport[0m [0mbitwise[0m[1;33m[0m[1;33m[0m[0m
[1;32m---> 55[1;33m [1;32mfrom[0m [1;33m.[0m[0m_api[0m[1;33m.[0m[0mv2[0m [1;32mimport[0m [0mcompat[0m[1;33m[0m[1;33m[0m[0m
[0m[0;32m     56[0m [1;32mfrom[0m [1;33m.[0m[0m_api[0m[1;33m.[0m[0mv2[0m [1;32mimport[0m [0mconfig[0m[1;33m[0m[1;33m[0m[0m
[0;32m     57[0m [1;32mfrom[0m [1;33m.[0m[0m_api[0m[1;33m.[0m[0mv2[0m [1;32mimport[0m [0mdata[0m[1;33m[0m[1;33m[0m[0m

[1;32m~\AppData\Local\Continuum\anaconda3\envs\ca4015\lib\site-packages\tensorflow\_api\v2\compat\__init__.py[0m in [0;36m<module>[1;34m[0m

[1;32m~\AppData\Local\Continuum\anaconda3\envs\ca4015\lib\site-packages\tensorflow\_api\v2\compat\v1\__init__.py[0m in [0;36m<module>[1;34m[0m
[0;32m     32[0m [1;32mfrom[0m [1;33m.[0m [1;32mimport[0m [0mautograph[0m[1;33m[0m[1;33m[0m[0m
[0;32m     33[0m [1;32mfrom[0m [1;33m.[0m [1;32mimport[0m [0mbitwise[0m[1;33m[0m[1;33m[0m[0m
[1;32m---> 34[1;33m [1;32mfrom[0m [1;33m.[0m [1;32mimport[0m [0mcompat[0m[1;33m[0m[1;33m[0m[0m
[0m[0;32m     35[0m [1;32mfrom[0m [1;33m.[0m [1;32mimport[0m [0mconfig[0m[1;33m[0m[1;33m[0m[0m
[0;32m     36[0m [1;32mfrom[0m [1;33m.[0m [1;32mimport[0m [0mdata[0m[1;33m[0m[1;33m[0m[0m

[1;32m~\AppData\Local\Continuum\anaconda3\envs\ca4015\lib\site-packages\tensorflow\_api\v2\compat\v1\compat\__init__.py[0m in [0;36m<module>[1;34m[0m
[0;32m     37[0m [1;32mimport[0m [0msys[0m [1;32mas[0m [0m_sys[0m[1;33m[0m[1;33m[0m[0m
[0;32m     38[0m [1;33m[0m[0m
[1;32m---> 39[1;33m [1;32mfrom[0m [1;33m.[0m [1;32mimport[0m [0mv1[0m[1;33m[0m[1;33m[0m[0m
[0m[0;32m     40[0m [1;32mfrom[0m [1;33m.[0m [1;32mimport[0m [0mv2[0m[1;33m[0m[1;33m[0m[0m
[0;32m     41[0m [1;32mfrom[0m [0mtensorflow[0m[1;33m.[0m[0mpython[0m[1;33m.[0m[0mcompat[0m[1;33m.[0m[0mcompat[0m [1;32mimport[0m [0mforward_compatibility_horizon[0m[1;33m[0m[1;33m[0m[0m

[1;32m~\AppData\Local\Continuum\anaconda3\envs\ca4015\lib\site-packages\tensorflow\_api\v2\compat\v1\compat\v1\__init__.py[0m in [0;36m<module>[1;34m[0m
[0;32m     49[0m [1;32mfrom[0m [0mtensorflow[0m[1;33m.[0m[0m_api[0m[1;33m.[0m[0mv2[0m[1;33m.[0m[0mcompat[0m[1;33m.[0m[0mv1[0m [1;32mimport[0m [0mlayers[0m[1;33m[0m[1;33m[0m[0m
[0;32m     50[0m [1;32mfrom[0m [0mtensorflow[0m[1;33m.[0m[0m_api[0m[1;33m.[0m[0mv2[0m[1;33m.[0m[0mcompat[0m[1;33m.[0m[0mv1[0m [1;32mimport[0m [0mlinalg[0m[1;33m[0m[1;33m[0m[0m
[1;32m---> 51[1;33m [1;32mfrom[0m [0mtensorflow[0m[1;33m.[0m[0m_api[0m[1;33m.[0m[0mv2[0m[1;33m.[0m[0mcompat[0m[1;33m.[0m[0mv1[0m [1;32mimport[0m [0mlite[0m[1;33m[0m[1;33m[0m[0m
[0m[0;32m     52[0m [1;32mfrom[0m [0mtensorflow[0m[1;33m.[0m[0m_api[0m[1;33m.[0m[0mv2[0m[1;33m.[0m[0mcompat[0m[1;33m.[0m[0mv1[0m [1;32mimport[0m [0mlogging[0m[1;33m[0m[1;33m[0m[0m
[0;32m     53[0m [1;32mfrom[0m [0mtensorflow[0m[1;33m.[0m[0m_api[0m[1;33m.[0m[0mv2[0m[1;33m.[0m[0mcompat[0m[1;33m.[0m[0mv1[0m [1;32mimport[0m [0mlookup[0m[1;33m[0m[1;33m[0m[0m

[1;32m~\AppData\Local\Continuum\anaconda3\envs\ca4015\lib\site-packages\tensorflow\_api\v2\compat\v1\lite\__init__.py[0m in [0;36m<module>[1;34m[0m
[0;32m      9[0m [1;33m[0m[0m
[0;32m     10[0m [1;32mfrom[0m [1;33m.[0m [1;32mimport[0m [0mconstants[0m[1;33m[0m[1;33m[0m[0m
[1;32m---> 11[1;33m [1;32mfrom[0m [1;33m.[0m [1;32mimport[0m [0mexperimental[0m[1;33m[0m[1;33m[0m[0m
[0m[0;32m     12[0m [1;32mfrom[0m [0mtensorflow[0m[1;33m.[0m[0mlite[0m[1;33m.[0m[0mpython[0m[1;33m.[0m[0mlite[0m [1;32mimport[0m [0mInterpreter[0m[1;33m[0m[1;33m[0m[0m
[0;32m     13[0m [1;32mfrom[0m [0mtensorflow[0m[1;33m.[0m[0mlite[0m[1;33m.[0m[0mpython[0m[1;33m.[0m[0mlite[0m [1;32mimport[0m [0mOpHint[0m[1;33m[0m[1;33m[0m[0m

[1;32m~\AppData\Local\Continuum\anaconda3\envs\ca4015\lib\site-packages\tensorflow\_api\v2\compat\v1\lite\experimental\__init__.py[0m in [0;36m<module>[1;34m[0m

[1;32m~\AppData\Local\Continuum\anaconda3\envs\ca4015\lib\site-packages\tensorflow\_api\v2\compat\v1\lite\experimental\authoring\__init__.py[0m in [0;36m<module>[1;34m[0m
[0;32m      8[0m [1;32mimport[0m [0msys[0m [1;32mas[0m [0m_sys[0m[1;33m[0m[1;33m[0m[0m
[0;32m      9[0m [1;33m[0m[0m
[1;32m---> 10[1;33m [1;32mfrom[0m [0mtensorflow[0m[1;33m.[0m[0mlite[0m[1;33m.[0m[0mpython[0m[1;33m.[0m[0mauthoring[0m[1;33m.[0m[0mauthoring[0m [1;32mimport[0m [0mcompatible[0m[1;33m[0m[1;33m[0m[0m
[0m[0;32m     11[0m [1;33m[0m[0m
[0;32m     12[0m [1;32mdel[0m [0m_print_function[0m[1;33m[0m[1;33m[0m[0m

[1;32m~\AppData\Local\Continuum\anaconda3\envs\ca4015\lib\site-packages\tensorflow\lite\python\authoring\authoring.py[0m in [0;36m<module>[1;34m[0m
[0;32m     42[0m [1;31m# pylint: disable=g-import-not-at-top[0m[1;33m[0m[1;33m[0m[0m
[0;32m     43[0m [1;32mfrom[0m [0mtensorflow[0m[1;33m.[0m[0mlite[0m[1;33m.[0m[0mpython[0m [1;32mimport[0m [0mconvert[0m[1;33m[0m[1;33m[0m[0m
[1;32m---> 44[1;33m [1;32mfrom[0m [0mtensorflow[0m[1;33m.[0m[0mlite[0m[1;33m.[0m[0mpython[0m [1;32mimport[0m [0mlite[0m[1;33m[0m[1;33m[0m[0m
[0m[0;32m     45[0m [1;32mfrom[0m [0mtensorflow[0m[1;33m.[0m[0mlite[0m[1;33m.[0m[0mpython[0m[1;33m.[0m[0mmetrics_wrapper[0m [1;32mimport[0m [0mconverter_error_data_pb2[0m[1;33m[0m[1;33m[0m[0m
[0;32m     46[0m [1;32mfrom[0m [0mtensorflow[0m[1;33m.[0m[0mpython[0m[1;33m.[0m[0mutil[0m[1;33m.[0m[0mtf_export[0m [1;32mimport[0m [0mtf_export[0m [1;32mas[0m [0m_tf_export[0m[1;33m[0m[1;33m[0m[0m

[1;32m~\AppData\Local\Continuum\anaconda3\envs\ca4015\lib\site-packages\tensorflow\lite\python\lite.py[0m in [0;36m<module>[1;34m[0m

[1;32m~\AppData\Local\Continuum\anaconda3\envs\ca4015\lib\site-packages\tensorflow\lite\experimental\microfrontend\python\ops\audio_microfrontend_op.py[0m in [0;36m<module>[1;34m[0m
[0;32m     27[0m [1;32mfrom[0m [0mtensorflow[0m[1;33m.[0m[0mpython[0m[1;33m.[0m[0mutil[0m[1;33m.[0m[0mtf_export[0m [1;32mimport[0m [0mtf_export[0m[1;33m[0m[1;33m[0m[0m
[0;32m     28[0m [1;33m[0m[0m
[1;32m---> 29[1;33m _audio_microfrontend_op = load_library.load_op_library(
[0m[0;32m     30[0m     resource_loader.get_path_to_datafile("_audio_microfrontend_op.so"))
[0;32m     31[0m [1;33m[0m[0m

[1;32m~\AppData\Local\Continuum\anaconda3\envs\ca4015\lib\site-packages\tensorflow\python\framework\load_library.py[0m in [0;36mload_op_library[1;34m(library_filename)[0m

[1;31mMemoryError[0m: bad allocation
MemoryError: bad allocation

