Traceback (most recent call last):
  File "C:\Users\laram\AppData\Local\Continuum\anaconda3\envs\ca4015\lib\site-packages\jupyter_cache\executors\utils.py", line 51, in single_nb_execution
    executenb(
  File "C:\Users\laram\AppData\Local\Continuum\anaconda3\envs\ca4015\lib\site-packages\nbclient\client.py", line 1112, in execute
    return NotebookClient(nb=nb, resources=resources, km=km, **kwargs).execute()
  File "C:\Users\laram\AppData\Local\Continuum\anaconda3\envs\ca4015\lib\site-packages\nbclient\util.py", line 74, in wrapped
    return just_run(coro(*args, **kwargs))
  File "C:\Users\laram\AppData\Local\Continuum\anaconda3\envs\ca4015\lib\site-packages\nbclient\util.py", line 53, in just_run
    return loop.run_until_complete(coro)
  File "C:\Users\laram\AppData\Local\Continuum\anaconda3\envs\ca4015\lib\asyncio\base_events.py", line 642, in run_until_complete
    return future.result()
  File "C:\Users\laram\AppData\Local\Continuum\anaconda3\envs\ca4015\lib\site-packages\nbclient\client.py", line 553, in async_execute
    await self.async_execute_cell(
  File "C:\Users\laram\AppData\Local\Continuum\anaconda3\envs\ca4015\lib\site-packages\nbclient\client.py", line 857, in async_execute_cell
    self._check_raise_for_error(cell, exec_reply)
  File "C:\Users\laram\AppData\Local\Continuum\anaconda3\envs\ca4015\lib\site-packages\nbclient\client.py", line 760, in _check_raise_for_error
    raise CellExecutionError.from_cell_and_msg(cell, exec_reply_content)
nbclient.exceptions.CellExecutionError: An error occurred while executing the following cell:
------------------
content_based_recommendation_1('Kanye West', artists_tags, tags)
------------------

[1;31m---------------------------------------------------------------------------[0m
[1;31mMemoryError[0m                               Traceback (most recent call last)
[1;32m~\AppData\Local\Temp/ipykernel_42036/3187041587.py[0m in [0;36m<module>[1;34m[0m
[1;32m----> 1[1;33m [0mcontent_based_recommendation_1[0m[1;33m([0m[1;34m'Kanye West'[0m[1;33m,[0m [0martists_tags[0m[1;33m,[0m [0mtags[0m[1;33m)[0m[1;33m[0m[1;33m[0m[0m
[0m
[1;32m~\CA4015\CA4015-Recommender-System\jupyter-book\content_based_recommender.py[0m in [0;36mcontent_based_recommendation_1[1;34m(artist_name, artist_tags_df, tags_df)[0m
[0;32m     56[0m [1;33m[0m[0m
[0;32m     57[0m     [1;31m# Defining the cosine similarity and storing in a matrix[0m[1;33m[0m[1;33m[0m[0m
[1;32m---> 58[1;33m     [0mcosine_sim[0m [1;33m=[0m [0mlinear_kernel[0m[1;33m([0m[0mtfidf_matrix[0m[1;33m,[0m [0mtfidf_matrix[0m[1;33m)[0m[1;33m[0m[1;33m[0m[0m
[0m[0;32m     59[0m [1;33m[0m[0m
[0;32m     60[0m     [1;31m# Creating an inverted index for easier calling of artist names[0m[1;33m[0m[1;33m[0m[0m

[1;32m~\AppData\Local\Continuum\anaconda3\envs\ca4015\lib\site-packages\sklearn\metrics\pairwise.py[0m in [0;36mlinear_kernel[1;34m(X, Y, dense_output)[0m
[0;32m   1003[0m     """
[0;32m   1004[0m     [0mX[0m[1;33m,[0m [0mY[0m [1;33m=[0m [0mcheck_pairwise_arrays[0m[1;33m([0m[0mX[0m[1;33m,[0m [0mY[0m[1;33m)[0m[1;33m[0m[1;33m[0m[0m
[1;32m-> 1005[1;33m     [1;32mreturn[0m [0msafe_sparse_dot[0m[1;33m([0m[0mX[0m[1;33m,[0m [0mY[0m[1;33m.[0m[0mT[0m[1;33m,[0m [0mdense_output[0m[1;33m=[0m[0mdense_output[0m[1;33m)[0m[1;33m[0m[1;33m[0m[0m
[0m[0;32m   1006[0m [1;33m[0m[0m
[0;32m   1007[0m [1;33m[0m[0m

[1;32m~\AppData\Local\Continuum\anaconda3\envs\ca4015\lib\site-packages\sklearn\utils\validation.py[0m in [0;36minner_f[1;34m(*args, **kwargs)[0m
[0;32m     61[0m             [0mextra_args[0m [1;33m=[0m [0mlen[0m[1;33m([0m[0margs[0m[1;33m)[0m [1;33m-[0m [0mlen[0m[1;33m([0m[0mall_args[0m[1;33m)[0m[1;33m[0m[1;33m[0m[0m
[0;32m     62[0m             [1;32mif[0m [0mextra_args[0m [1;33m<=[0m [1;36m0[0m[1;33m:[0m[1;33m[0m[1;33m[0m[0m
[1;32m---> 63[1;33m                 [1;32mreturn[0m [0mf[0m[1;33m([0m[1;33m*[0m[0margs[0m[1;33m,[0m [1;33m**[0m[0mkwargs[0m[1;33m)[0m[1;33m[0m[1;33m[0m[0m
[0m[0;32m     64[0m [1;33m[0m[0m
[0;32m     65[0m             [1;31m# extra_args > 0[0m[1;33m[0m[1;33m[0m[0m

[1;32m~\AppData\Local\Continuum\anaconda3\envs\ca4015\lib\site-packages\sklearn\utils\extmath.py[0m in [0;36msafe_sparse_dot[1;34m(a, b, dense_output)[0m
[0;32m    154[0m     if (sparse.issparse(a) and sparse.issparse(b)
[0;32m    155[0m             and dense_output and hasattr(ret, "toarray")):
[1;32m--> 156[1;33m         [1;32mreturn[0m [0mret[0m[1;33m.[0m[0mtoarray[0m[1;33m([0m[1;33m)[0m[1;33m[0m[1;33m[0m[0m
[0m[0;32m    157[0m     [1;32mreturn[0m [0mret[0m[1;33m[0m[1;33m[0m[0m
[0;32m    158[0m [1;33m[0m[0m

[1;32m~\AppData\Local\Continuum\anaconda3\envs\ca4015\lib\site-packages\scipy\sparse\compressed.py[0m in [0;36mtoarray[1;34m(self, order, out)[0m
[0;32m   1029[0m         [1;32mif[0m [0mout[0m [1;32mis[0m [1;32mNone[0m [1;32mand[0m [0morder[0m [1;32mis[0m [1;32mNone[0m[1;33m:[0m[1;33m[0m[1;33m[0m[0m
[0;32m   1030[0m             [0morder[0m [1;33m=[0m [0mself[0m[1;33m.[0m[0m_swap[0m[1;33m([0m[1;34m'cf'[0m[1;33m)[0m[1;33m[[0m[1;36m0[0m[1;33m][0m[1;33m[0m[1;33m[0m[0m
[1;32m-> 1031[1;33m         [0mout[0m [1;33m=[0m [0mself[0m[1;33m.[0m[0m_process_toarray_args[0m[1;33m([0m[0morder[0m[1;33m,[0m [0mout[0m[1;33m)[0m[1;33m[0m[1;33m[0m[0m
[0m[0;32m   1032[0m         [1;32mif[0m [1;32mnot[0m [1;33m([0m[0mout[0m[1;33m.[0m[0mflags[0m[1;33m.[0m[0mc_contiguous[0m [1;32mor[0m [0mout[0m[1;33m.[0m[0mflags[0m[1;33m.[0m[0mf_contiguous[0m[1;33m)[0m[1;33m:[0m[1;33m[0m[1;33m[0m[0m
[0;32m   1033[0m             [1;32mraise[0m [0mValueError[0m[1;33m([0m[1;34m'Output array must be C or F contiguous'[0m[1;33m)[0m[1;33m[0m[1;33m[0m[0m

[1;32m~\AppData\Local\Continuum\anaconda3\envs\ca4015\lib\site-packages\scipy\sparse\base.py[0m in [0;36m_process_toarray_args[1;34m(self, order, out)[0m
[0;32m   1200[0m             [1;32mreturn[0m [0mout[0m[1;33m[0m[1;33m[0m[0m
[0;32m   1201[0m         [1;32melse[0m[1;33m:[0m[1;33m[0m[1;33m[0m[0m
[1;32m-> 1202[1;33m             [1;32mreturn[0m [0mnp[0m[1;33m.[0m[0mzeros[0m[1;33m([0m[0mself[0m[1;33m.[0m[0mshape[0m[1;33m,[0m [0mdtype[0m[1;33m=[0m[0mself[0m[1;33m.[0m[0mdtype[0m[1;33m,[0m [0morder[0m[1;33m=[0m[0morder[0m[1;33m)[0m[1;33m[0m[1;33m[0m[0m
[0m[0;32m   1203[0m [1;33m[0m[0m
[0;32m   1204[0m [1;33m[0m[0m

[1;31mMemoryError[0m: Unable to allocate 2.32 GiB for an array with shape (17632, 17632) and data type float64
MemoryError: Unable to allocate 2.32 GiB for an array with shape (17632, 17632) and data type float64

